INFO [2026-03-28 12:13:58] = == == == == == == == == == == == == == == == == == == == == == == == == == == == == == == == == == == == == == == == == == == == == == == == == == == == == == == == == == == == =
INFO [2026-03-28 12:13:58] 🚀 Starting LQAS Data Fetch
INFO [2026-03-28 12:13:58] = == == == == == == == == == == == == == == == == == == == == == == == == == == == == == == == == == == == == == == == == == == == == == == == == == == == == == == == == == == == =
INFO [2026-03-28 12:13:58] ✅ ONA API token found
INFO [2026-03-28 12:13:58] Fetching 35 forms...
INFO [2026-03-28 12:13:58] 📡 Fetching form 4500...
INFO [2026-03-28 12:21:01] = == == == == == == == == == == == == == == == == == == == == == == == == == == == == == == == == == == == == == == == == == == == == == == == == == == == == == == == == == == == =
INFO [2026-03-28 12:21:01] 🚀 Starting LQAS Data Fetch
INFO [2026-03-28 12:21:01] = == == == == == == == == == == == == == == == == == == == == == == == == == == == == == == == == == == == == == == == == == == == == == == == == == == == == == == == == == == == =
ERROR [2026-03-28 12:21:01] ONA_API_TOKEN not set
INFO [2026-03-28 12:21:01] Please set ONA_API_TOKEN environment variable
INFO [2026-03-28 12:23:55] = == == == == == == == == == == == == == == == == == == == == == == == == == == == == == == == == == == == == == == == == == == == == == == == == == == == == == == == == == == == =
INFO [2026-03-28 12:23:55] 🚀 Starting LQAS Data Fetch
INFO [2026-03-28 12:23:55] = == == == == == == == == == == == == == == == == == == == == == == == == == == == == == == == == == == == == == == == == == == == == == == == == == == == == == == == == == == == =
INFO [2026-03-28 12:23:55] ✅ ONA API token found
INFO [2026-03-28 12:23:55] Fetching 35 forms...
INFO [2026-03-28 12:23:55] 📡 Fetching form 4500...
INFO [2026-03-28 12:34:06] = == == == == == == == == == == == == == == == == == == == == == == == == == == == == == == == == == == == == == == == == == == == == == == == == == == == == == == == == == == == =
INFO [2026-03-28 12:34:06] 🚀 Starting LQAS Data Fetch
INFO [2026-03-28 12:34:06] = == == == == == == == == == == == == == == == == == == == == == == == == == == == == == == == == == == == == == == == == == == == == == == == == == == == == == == == == == == == =
INFO [2026-03-28 12:34:06] ✅ ONA API token found
INFO [2026-03-28 12:34:06] Fetching 35 forms...
INFO [2026-03-28 12:34:06] 📡 Fetching form 4500...
INFO [2026-03-28 12:34:18]   Page 1: 10000 records
INFO [2026-03-28 12:34:43]   Page 2: 10000 records
INFO [2026-03-28 12:35:04]   Page 3: 6553 records
WARN [2026-03-28 12:35:16] Form 4500 not found
INFO [2026-03-28 12:35:17] 📡 Fetching form 8588...
INFO [2026-03-28 12:35:25]   Page 1: 4747 records
WARN [2026-03-28 12:35:28] Form 8588 not found
INFO [2026-03-28 12:35:29] 📡 Fetching form 10271...
INFO [2026-03-28 12:35:46]   Page 1: 8776 records
WARN [2026-03-28 12:35:52] Form 10271 not found
INFO [2026-03-28 12:35:53] 📡 Fetching form 5203...
INFO [2026-03-28 12:36:10]   Page 1: 10000 records
INFO [2026-03-28 12:36:24]   Page 2: 2803 records
WARN [2026-03-28 12:36:27] Form 5203 not found
INFO [2026-03-28 12:36:28] 📡 Fetching form 4388...
INFO [2026-03-28 12:36:34]   Page 1: 2327 records
WARN [2026-03-28 12:36:37] Form 4388 not found
INFO [2026-03-28 12:36:38] 📡 Fetching form 8834...
INFO [2026-03-28 12:36:39]   Page 1: 324 records
WARN [2026-03-28 12:36:40] Form 8834 not found
INFO [2026-03-28 12:36:41] 📡 Fetching form 4450...
INFO [2026-03-28 12:36:48]   Page 1: 2502 records
WARN [2026-03-28 12:36:53] Form 4450 not found
INFO [2026-03-28 12:36:54] 📡 Fetching form 9601...
INFO [2026-03-28 12:36:57]   Page 1: 882 records
WARN [2026-03-28 12:36:58] Form 9601 not found
INFO [2026-03-28 12:36:59] 📡 Fetching form 4436...
INFO [2026-03-28 12:37:04]   Page 1: 1971 records
WARN [2026-03-28 12:37:07] Form 4436 not found
INFO [2026-03-28 12:37:08] 📡 Fetching form 4431...
INFO [2026-03-28 12:37:25]   Page 1: 10000 records
INFO [2026-03-28 12:37:36]   Page 2: 1271 records
WARN [2026-03-28 12:37:38] Form 4431 not found
INFO [2026-03-28 12:37:40] 📡 Fetching form 4999...
INFO [2026-03-28 12:37:45]   Page 1: 2147 records
WARN [2026-03-28 12:37:49] Form 4999 not found
INFO [2026-03-28 12:37:50] 📡 Fetching form 4481...
INFO [2026-03-28 12:38:01]   Page 1: 5404 records
WARN [2026-03-28 12:38:08] Form 4481 not found
INFO [2026-03-28 12:38:09] 📡 Fetching form 8094...
