INFO [2026-03-29 11:48:36] = == == == == == == == == == == == == == == == == == == == == == == == == == == == == == == == == == == == == == == == == == == == == == == == == == == == == == == == == == == == =
INFO [2026-03-29 11:48:36] 🔍 Running Quality Control Checks
INFO [2026-03-29 11:48:36] = == == == == == == == == == == == == == == == == == == == == == == == == == == == == == == == == == == == == == == == == == == == == == == == == == == == == == == == == == == == =
INFO [2026-03-29 11:48:36] Loading data from: data/final/lqas_dashboard_input.parquet
INFO [2026-03-29 11:48:36] Loaded Parquet file: 5134 rows, 43 columns
INFO [2026-03-29 11:48:36] 📊 Data Summary:
INFO [2026-03-29 11:48:36]   Total records: 5134
INFO [2026-03-29 11:48:36]   Total countries: 2
INFO [2026-03-29 11:48:36]   Date range: Inf to -Inf
INFO [2026-03-29 11:48:36]   Mean coverage: 10.1%
INFO [2026-03-29 11:48:36]   Median coverage: 0%
INFO [2026-03-29 11:48:36]   Pass rate: 0%
INFO [2026-03-29 11:48:36] ✅ Quality control complete!
INFO [2026-03-29 11:50:11] = == == == == == == == == == == == == == == == == == == == == == == == == == == == == == == == == == == == == == == == == == == == == == == == == == == == == == == == == == == == =
INFO [2026-03-29 11:50:11] 🔍 Running Quality Control Checks
INFO [2026-03-29 11:50:11] = == == == == == == == == == == == == == == == == == == == == == == == == == == == == == == == == == == == == == == == == == == == == == == == == == == == == == == == == == == == =
INFO [2026-03-29 11:50:11] Loading data from: data/final/lqas_dashboard_input.parquet
INFO [2026-03-29 11:50:11] Loaded Parquet file: 5134 rows, 43 columns
INFO [2026-03-29 11:50:11] 📊 Data Summary:
INFO [2026-03-29 11:50:11]   Total records: 5134
INFO [2026-03-29 11:50:11]   Total countries: 2
INFO [2026-03-29 11:50:11]   Date range: Inf to -Inf
INFO [2026-03-29 11:50:11]   Mean coverage: 10.1%
INFO [2026-03-29 11:50:11]   Median coverage: 0%
INFO [2026-03-29 11:50:11]   Pass rate: 0%
INFO [2026-03-29 11:50:11] ✅ Quality control complete!
INFO [2026-03-29 12:05:50] = == == == == == == == == == == == == == == == == == == == == == == == == == == == == == == == == == == == == == == == == == == == == == == == == == == == == == == == == == == == =
INFO [2026-03-29 12:05:50] 🔍 Running Quality Control Checks
INFO [2026-03-29 12:05:50] = == == == == == == == == == == == == == == == == == == == == == == == == == == == == == == == == == == == == == == == == == == == == == == == == == == == == == == == == == == == =
INFO [2026-03-29 12:05:50] Loading data from: data/final/lqas_dashboard_input.parquet
INFO [2026-03-29 12:05:50] Loaded Parquet file: 5134 rows, 43 columns
INFO [2026-03-29 12:05:50] 📊 Data Summary:
INFO [2026-03-29 12:05:50]   Total records: 5134
INFO [2026-03-29 12:05:50]   Total countries: 2
INFO [2026-03-29 12:05:50]   Date range: Inf to -Inf
INFO [2026-03-29 12:05:50]   Mean coverage: 10.1%
INFO [2026-03-29 12:05:50]   Median coverage: 0%
INFO [2026-03-29 12:05:50]   Pass rate: 0%
INFO [2026-03-29 12:05:50] ✅ Quality control complete!
INFO [2026-03-29 12:06:45] = == == == == == == == == == == == == == == == == == == == == == == == == == == == == == == == == == == == == == == == == == == == == == == == == == == == == == == == == == == == =
INFO [2026-03-29 12:06:45] 🔍 Running Quality Control Checks
INFO [2026-03-29 12:06:45] = == == == == == == == == == == == == == == == == == == == == == == == == == == == == == == == == == == == == == == == == == == == == == == == == == == == == == == == == == == == =
INFO [2026-03-29 12:06:45] Loading data from: data/final/lqas_cleaned.parquet
INFO [2026-03-29 12:06:45] Loaded Parquet file: 5134 rows, 44 columns
INFO [2026-03-29 12:06:45] 📊 Data Summary:
INFO [2026-03-29 12:06:45]   Total records: 5134
INFO [2026-03-29 12:06:45]   Total countries: 2
INFO [2026-03-29 12:06:45]   Date range: 2023-01-30 to 2026-02-02
INFO [2026-03-29 12:06:45]   Mean coverage: 10.1%
INFO [2026-03-29 12:06:45]   Median coverage: 0%
INFO [2026-03-29 12:06:45]   Pass rate: 0%
INFO [2026-03-29 12:06:45] ✅ Quality control complete!
INFO [2026-03-30 07:02:37] = == == == == == == == == == == == == == == == == == == == == == == == == == == == == == == == == == == == == == == == == == == == == == == == == == == == == == == == == == == == =
INFO [2026-03-30 07:02:37] 🔍 Running Quality Control Checks
INFO [2026-03-30 07:02:37] = == == == == == == == == == == == == == == == == == == == == == == == == == == == == == == == == == == == == == == == == == == == == == == == == == == == == == == == == == == == =
INFO [2026-03-30 07:02:37] Loading data from: data/final/lqas_cleaned.parquet
INFO [2026-03-30 07:02:38] Loaded Parquet file: 31046 rows, 60 columns
INFO [2026-03-30 07:02:38] 📊 Data Summary:
INFO [2026-03-30 07:02:38]   Total records: 31046
INFO [2026-03-30 07:02:38]   Total countries: 34
INFO [2026-03-30 07:02:38]   Date range: 2020-01-04 to 2026-03-29
INFO [2026-03-30 07:02:38]   Mean coverage: Inf%
INFO [2026-03-30 07:02:38]   Median coverage: 96.7%
INFO [2026-03-30 07:02:38]   Pass rate: 0%
INFO [2026-03-30 07:02:38] ✅ Quality control complete!
INFO [2026-03-30 07:15:54] = == == == == == == == == == == == == == == == == == == == == == == == == == == == == == == == == == == == == == == == == == == == == == == == == == == == == == == == == == == == =
INFO [2026-03-30 07:15:54] 🔍 Running Quality Control Checks
INFO [2026-03-30 07:15:54] = == == == == == == == == == == == == == == == == == == == == == == == == == == == == == == == == == == == == == == == == == == == == == == == == == == == == == == == == == == == =
INFO [2026-03-30 07:15:54] Loading data from: data/final/lqas_cleaned.parquet
INFO [2026-03-30 07:15:54] Loaded Parquet file: 31046 rows, 60 columns
INFO [2026-03-30 07:15:54] 📊 Data Summary:
INFO [2026-03-30 07:15:54]   Total records: 31046
INFO [2026-03-30 07:15:54]   Total countries: 34
INFO [2026-03-30 07:15:54]   Date range: 2020-01-04 to 2026-03-29
INFO [2026-03-30 07:15:54]   Mean coverage: Inf%
INFO [2026-03-30 07:15:54]   Median coverage: 96.7%
INFO [2026-03-30 07:15:54]   Pass rate: 0%
INFO [2026-03-30 07:15:54] ✅ Quality control complete!
INFO [2026-03-30 15:05:46] = == == == == == == == == == == == == == == == == == == == == == == == == == == == == == == == == == == == == == == == == == == == == == == == == == == == == == == == == == == == =
INFO [2026-03-30 15:05:46] 🔍 Running Quality Control Checks
INFO [2026-03-30 15:05:46] = == == == == == == == == == == == == == == == == == == == == == == == == == == == == == == == == == == == == == == == == == == == == == == == == == == == == == == == == == == == =
INFO [2026-03-30 15:05:46] Loading data from: data/final/lqas_cleaned.parquet
INFO [2026-03-30 15:05:46] Loaded Parquet file: 31046 rows, 60 columns
INFO [2026-03-30 15:05:46] 📊 Data Summary:
INFO [2026-03-30 15:05:46]   Total records: 31046
INFO [2026-03-30 15:05:46]   Total countries: 34
INFO [2026-03-30 15:05:46]   Date range: 2020-01-04 to 2026-03-29
INFO [2026-03-30 15:05:46]   Mean coverage: Inf%
INFO [2026-03-30 15:05:46]   Median coverage: 96.7%
INFO [2026-03-30 15:05:46]   Pass rate: 0%
INFO [2026-03-30 15:05:46] ✅ Quality control complete!
INFO [2026-03-30 15:12:15] = == == == == == == == == == == == == == == == == == == == == == == == == == == == == == == == == == == == == == == == == == == == == == == == == == == == == == == == == == == == =
INFO [2026-03-30 15:12:15] 🔍 Running Quality Control Checks
INFO [2026-03-30 15:12:15] = == == == == == == == == == == == == == == == == == == == == == == == == == == == == == == == == == == == == == == == == == == == == == == == == == == == == == == == == == == == =
INFO [2026-03-30 15:12:15] Loading data from: data/final/lqas_cleaned.parquet
INFO [2026-03-30 15:12:15] Loaded Parquet file: 31046 rows, 60 columns
INFO [2026-03-30 15:12:15] 📊 Data Summary:
INFO [2026-03-30 15:12:15]   Total records: 31046
INFO [2026-03-30 15:12:15]   Total countries: 34
INFO [2026-03-30 15:12:15]   Date range: 2020-01-04 to 2026-03-29
INFO [2026-03-30 15:12:15]   Mean coverage: Inf%
INFO [2026-03-30 15:12:15]   Median coverage: 96.7%
INFO [2026-03-30 15:12:15]   Pass rate: 0%
INFO [2026-03-30 15:12:15] ✅ Quality control complete!
INFO [2026-03-30 15:56:45] = == == == == == == == == == == == == == == == == == == == == == == == == == == == == == == == == == == == == == == == == == == == == == == == == == == == == == == == == == == == =
INFO [2026-03-30 15:56:45] 🔍 Running Quality Control Checks
INFO [2026-03-30 15:56:45] = == == == == == == == == == == == == == == == == == == == == == == == == == == == == == == == == == == == == == == == == == == == == == == == == == == == == == == == == == == == =
INFO [2026-03-30 15:56:45] Loading data from: data/final/lqas_cleaned.parquet
INFO [2026-03-30 15:56:45] Loaded Parquet file: 31046 rows, 60 columns
INFO [2026-03-30 15:56:45] 📊 Data Summary:
INFO [2026-03-30 15:56:45]   Total records: 31046
INFO [2026-03-30 15:56:45]   Total countries: 34
INFO [2026-03-30 15:56:45]   Date range: 2020-01-04 to 2026-03-29
INFO [2026-03-30 15:56:45]   Mean coverage: Inf%
INFO [2026-03-30 15:56:45]   Median coverage: 96.7%
INFO [2026-03-30 15:56:45]   Pass rate: 0%
INFO [2026-03-30 15:56:45] ✅ Quality control complete!
INFO [2026-04-07 10:10:29] = == == == == == == == == == == == == == == == == == == == == == == == == == == == == == == == == == == == == == == == == == == == == == == == == == == == == == == == == == == == =
INFO [2026-04-07 10:10:29] 🔍 Running Quality Control Checks
INFO [2026-04-07 10:10:29] = == == == == == == == == == == == == == == == == == == == == == == == == == == == == == == == == == == == == == == == == == == == == == == == == == == == == == == == == == == == =
INFO [2026-04-07 10:10:29] Loading data from: data/final/lqas_cleaned.parquet
INFO [2026-04-07 10:10:29] Loaded Parquet file: 31046 rows, 60 columns
INFO [2026-04-07 10:10:29] 📊 Data Summary:
INFO [2026-04-07 10:10:29]   Total records: 31046
INFO [2026-04-07 10:10:29]   Total countries: 34
INFO [2026-04-07 10:10:29]   Date range: 2020-01-04 to 2026-03-29
INFO [2026-04-07 10:10:29]   Mean coverage: Inf%
INFO [2026-04-07 10:10:29]   Median coverage: 96.7%
INFO [2026-04-07 10:10:29]   Pass rate: 0%
INFO [2026-04-07 10:10:29] ✅ Quality control complete!
INFO [2026-04-08 07:39:36] = == == == == == == == == == == == == == == == == == == == == == == == == == == == == == == == == == == == == == == == == == == == == == == == == == == == == == == == == == == == =
INFO [2026-04-08 07:39:36] 🔍 Running Quality Control Checks
INFO [2026-04-08 07:39:36] = == == == == == == == == == == == == == == == == == == == == == == == == == == == == == == == == == == == == == == == == == == == == == == == == == == == == == == == == == == == =
INFO [2026-04-08 07:39:36] Loading data from: data/final/lqas_cleaned.parquet
INFO [2026-04-08 07:39:36] Loaded Parquet file: 31021 rows, 60 columns
INFO [2026-04-08 07:39:36] 📊 Data Summary:
INFO [2026-04-08 07:39:36]   Total records: 31021
INFO [2026-04-08 07:39:36]   Total countries: 34
INFO [2026-04-08 07:39:36]   Date range: 2020-01-04 to 2026-03-29
INFO [2026-04-08 07:39:36]   Mean coverage: Inf%
INFO [2026-04-08 07:39:36]   Median coverage: 96.7%
INFO [2026-04-08 07:39:36]   Pass rate: 0%
INFO [2026-04-08 07:39:36] ✅ Quality control complete!
INFO [2026-04-08 07:44:30] = == == == == == == == == == == == == == == == == == == == == == == == == == == == == == == == == == == == == == == == == == == == == == == == == == == == == == == == == == == == =
INFO [2026-04-08 07:44:30] 🔍 Running Quality Control Checks
INFO [2026-04-08 07:44:30] = == == == == == == == == == == == == == == == == == == == == == == == == == == == == == == == == == == == == == == == == == == == == == == == == == == == == == == == == == == == =
INFO [2026-04-08 07:44:30] Loading data from: data/final/lqas_cleaned.parquet
INFO [2026-04-08 07:44:30] Loaded Parquet file: 31021 rows, 60 columns
INFO [2026-04-08 07:44:30] 📊 Data Summary:
INFO [2026-04-08 07:44:30]   Total records: 31021
INFO [2026-04-08 07:44:30]   Total countries: 34
INFO [2026-04-08 07:44:30]   Date range: 2020-01-04 to 2026-03-29
INFO [2026-04-08 07:44:30]   Mean coverage: Inf%
INFO [2026-04-08 07:44:30]   Median coverage: 96.7%
INFO [2026-04-08 07:44:30]   Pass rate: 0%
INFO [2026-04-08 07:44:30] ✅ Quality control complete!
INFO [2026-04-08 07:49:21] = == == == == == == == == == == == == == == == == == == == == == == == == == == == == == == == == == == == == == == == == == == == == == == == == == == == == == == == == == == == =
INFO [2026-04-08 07:49:21] 🔍 Running Quality Control Checks
INFO [2026-04-08 07:49:21] = == == == == == == == == == == == == == == == == == == == == == == == == == == == == == == == == == == == == == == == == == == == == == == == == == == == == == == == == == == == =
INFO [2026-04-08 07:49:21] Loading data from: data/final/lqas_cleaned.parquet
INFO [2026-04-08 07:49:21] Loaded Parquet file: 31021 rows, 60 columns
INFO [2026-04-08 07:49:21] 📊 Data Summary:
INFO [2026-04-08 07:49:21]   Total records: 31021
INFO [2026-04-08 07:49:21]   Total countries: 34
INFO [2026-04-08 07:49:21]   Date range: 2020-01-04 to 2026-03-29
INFO [2026-04-08 07:49:21]   Mean coverage: Inf%
INFO [2026-04-08 07:49:21]   Median coverage: 96.7%
INFO [2026-04-08 07:49:21]   Pass rate: 0%
INFO [2026-04-08 07:49:21] ✅ Quality control complete!
